2026-05-22 14:21:43,651 INFO o.a.j.u.JMeterUtils: Setting Locale to en_EN
2026-05-22 14:21:43,675 INFO o.a.j.JMeter: Loading user properties from: /opt/homebrew/Cellar/jmeter/5.6.3/libexec/bin/user.properties
2026-05-22 14:21:43,675 INFO o.a.j.JMeter: Loading system properties from: /opt/homebrew/Cellar/jmeter/5.6.3/libexec/bin/system.properties
2026-05-22 14:21:43,678 INFO o.a.j.JMeter: Copyright (c) 1998-2024 The Apache Software Foundation
2026-05-22 14:21:43,678 INFO o.a.j.JMeter: Version 5.6.3
2026-05-22 14:21:43,678 INFO o.a.j.JMeter: java.version=23.0.2
2026-05-22 14:21:43,678 INFO o.a.j.JMeter: java.vm.name=OpenJDK 64-Bit Server VM
2026-05-22 14:21:43,678 INFO o.a.j.JMeter: os.name=Mac OS X
2026-05-22 14:21:43,678 INFO o.a.j.JMeter: os.arch=aarch64
2026-05-22 14:21:43,678 INFO o.a.j.JMeter: os.version=15.3
2026-05-22 14:21:43,678 INFO o.a.j.JMeter: file.encoding=UTF-8
2026-05-22 14:21:43,678 INFO o.a.j.JMeter: java.awt.headless=true
2026-05-22 14:21:43,678 INFO o.a.j.JMeter: Max memory     =1073741824
2026-05-22 14:21:43,678 INFO o.a.j.JMeter: Available Processors =10
2026-05-22 14:21:43,686 INFO o.a.j.JMeter: Default Locale=English (EN)
2026-05-22 14:21:43,686 INFO o.a.j.JMeter: JMeter  Locale=English (EN)
2026-05-22 14:21:43,686 INFO o.a.j.JMeter: JMeterHome=/opt/homebrew/Cellar/jmeter/5.6.3/libexec
2026-05-22 14:21:43,686 INFO o.a.j.JMeter: user.dir  =/Users/shubhamraj/load-test-portalo/backend
2026-05-22 14:21:43,686 INFO o.a.j.JMeter: PWD       =/Users/shubhamraj/load-test-portalo/backend
2026-05-22 14:21:43,689 INFO o.a.j.JMeter: IP: 127.0.0.1 Name: salescodes-MacBook-Air-96.local FullName: localhost
2026-05-22 14:21:43,694 INFO o.a.j.JMeter: Setting property 'jmeter.reportgenerator.outputdir' to:'/var/folders/_j/sq264rws7s7gt6xlqz78jr280000gn/T/tmpok14wv99/report'
2026-05-22 14:21:43,695 INFO o.a.j.s.FileServer: Default base='/Users/shubhamraj/load-test-portalo/backend'
2026-05-22 14:21:43,695 INFO o.a.j.s.FileServer: Set new base='/var/folders/_j/sq264rws7s7gt6xlqz78jr280000gn/T/tmpok14wv99'
2026-05-22 14:21:43,795 INFO o.a.j.s.SaveService: Testplan (JMX) version: 2.2. Testlog (JTL) version: 2.2
2026-05-22 14:21:43,811 INFO o.a.j.s.SaveService: Using SaveService properties version 5.0
2026-05-22 14:21:43,812 INFO o.a.j.s.SaveService: Using SaveService properties file encoding UTF-8
2026-05-22 14:21:43,813 INFO o.a.j.s.SaveService: Loading file: /var/folders/_j/sq264rws7s7gt6xlqz78jr280000gn/T/tmpok14wv99/test.jmx
2026-05-22 14:21:43,838 INFO o.a.j.p.h.s.HTTPSamplerBase: Parser for text/html is org.apache.jmeter.protocol.http.parser.LagartoBasedHtmlParser
2026-05-22 14:21:43,838 INFO o.a.j.p.h.s.HTTPSamplerBase: Parser for application/xhtml+xml is org.apache.jmeter.protocol.http.parser.LagartoBasedHtmlParser
2026-05-22 14:21:43,838 INFO o.a.j.p.h.s.HTTPSamplerBase: Parser for application/xml is org.apache.jmeter.protocol.http.parser.LagartoBasedHtmlParser
2026-05-22 14:21:43,838 INFO o.a.j.p.h.s.HTTPSamplerBase: Parser for text/xml is org.apache.jmeter.protocol.http.parser.LagartoBasedHtmlParser
2026-05-22 14:21:43,838 INFO o.a.j.p.h.s.HTTPSamplerBase: Parser for text/vnd.wap.wml is org.apache.jmeter.protocol.http.parser.RegexpHTMLParser
2026-05-22 14:21:43,838 INFO o.a.j.p.h.s.HTTPSamplerBase: Parser for text/css is org.apache.jmeter.protocol.http.parser.CssParser
2026-05-22 14:21:43,848 INFO o.a.j.JMeter: Creating summariser <summary>
2026-05-22 14:21:43,850 INFO o.a.j.r.d.ReportGenerator: ReportGenerator will use for Parsing the separator: ','
2026-05-22 14:21:43,850 INFO o.a.j.r.d.ReportGenerator: Will generate report at end of test from  results file: /var/folders/_j/sq264rws7s7gt6xlqz78jr280000gn/T/tmpok14wv99/results.jtl
2026-05-22 14:21:43,850 INFO o.a.j.r.d.ReportGenerator: Reading report generator properties from: /opt/homebrew/Cellar/jmeter/5.6.3/libexec/bin/reportgenerator.properties
2026-05-22 14:21:43,850 INFO o.a.j.r.d.ReportGenerator: Merging with JMeter properties
2026-05-22 14:21:43,852 INFO o.a.j.r.c.ReportGeneratorConfiguration: Property 'jmeter.reportgenerator.temp_dir' not found, using default value 'temp' instead.
2026-05-22 14:21:43,853 INFO o.a.j.r.c.ReportGeneratorConfiguration: Property 'jmeter.reportgenerator.apdex_per_transaction' not found, using default value 'null' instead.
2026-05-22 14:21:43,853 INFO o.a.j.r.c.ReportGeneratorConfiguration: apdex_per_transaction is empty, not APDEX per transaction customization
2026-05-22 14:21:43,853 INFO o.a.j.r.c.ReportGeneratorConfiguration: Property 'jmeter.reportgenerator.sample_filter' not found, using default value 'null' instead.
2026-05-22 14:21:43,853 INFO o.a.j.r.c.ReportGeneratorConfiguration: Property 'jmeter.reportgenerator.report_title' not found, using default value 'null' instead.
2026-05-22 14:21:43,853 INFO o.a.j.r.c.ReportGeneratorConfiguration: Property 'jmeter.reportgenerator.start_date' not found, using default value 'null' instead.
2026-05-22 14:21:43,853 INFO o.a.j.r.c.ReportGeneratorConfiguration: Property 'jmeter.reportgenerator.end_date' not found, using default value 'null' instead.
2026-05-22 14:21:43,853 INFO o.a.j.r.c.ReportGeneratorConfiguration: Property 'jmeter.reportgenerator.date_format' not found, using default value 'null' instead.
2026-05-22 14:21:43,853 INFO o.a.j.r.c.ReportGeneratorConfiguration: Will use date range start date: null, end date: null
2026-05-22 14:21:43,855 INFO o.a.j.r.c.ReportGeneratorConfiguration: Property 'jmeter.reportgenerator.graph.totalTPS.exclude_controllers' not found, using default value 'false' instead.
2026-05-22 14:21:43,855 INFO o.a.j.r.c.ReportGeneratorConfiguration: Property 'jmeter.reportgenerator.graph.activeThreadsOverTime.exclude_controllers' not found, using default value 'false' instead.
2026-05-22 14:21:43,855 INFO o.a.j.r.c.ReportGeneratorConfiguration: Property 'jmeter.reportgenerator.graph.timeVsThreads.exclude_controllers' not found, using default value 'false' instead.
2026-05-22 14:21:43,855 INFO o.a.j.r.c.ReportGeneratorConfiguration: Property 'jmeter.reportgenerator.graph.responseTimeDistribution.exclude_controllers' not found, using default value 'false' instead.
2026-05-22 14:21:43,855 INFO o.a.j.r.c.ReportGeneratorConfiguration: Property 'jmeter.reportgenerator.graph.transactionsPerSecond.exclude_controllers' not found, using default value 'false' instead.
2026-05-22 14:21:43,855 INFO o.a.j.r.c.ReportGeneratorConfiguration: Property 'jmeter.reportgenerator.graph.responseTimePercentiles.exclude_controllers' not found, using default value 'false' instead.
2026-05-22 14:21:43,855 INFO o.a.j.r.c.ReportGeneratorConfiguration: Property 'jmeter.reportgenerator.graph.responseTimePercentilesOverTime.exclude_controllers' not found, using default value 'false' instead.
2026-05-22 14:21:43,855 INFO o.a.j.r.c.ReportGeneratorConfiguration: Property 'jmeter.reportgenerator.graph.responseTimesOverTime.exclude_controllers' not found, using default value 'false' instead.
2026-05-22 14:21:43,855 INFO o.a.j.r.c.ReportGeneratorConfiguration: Property 'jmeter.reportgenerator.graph.connectTimeOverTime.exclude_controllers' not found, using default value 'false' instead.
2026-05-22 14:21:43,855 INFO o.a.j.r.c.ReportGeneratorConfiguration: Property 'jmeter.reportgenerator.graph.latenciesOverTime.exclude_controllers' not found, using default value 'false' instead.
2026-05-22 14:21:43,855 INFO o.a.j.r.c.ReportGeneratorConfiguration: Property 'jmeter.reportgenerator.exporter.json.filters_only_sample_series' not found, using default value 'true' instead.
2026-05-22 14:21:43,855 INFO o.a.j.r.c.ReportGeneratorConfiguration: Property 'jmeter.reportgenerator.exporter.json.series_filter' not found, using default value '' instead.
2026-05-22 14:21:43,856 INFO o.a.j.r.c.ReportGeneratorConfiguration: Property 'jmeter.reportgenerator.exporter.json.show_controllers_only' not found, using default value 'false' instead.
2026-05-22 14:21:43,856 INFO o.a.j.r.c.ReportGeneratorConfiguration: Property 'jmeter.reportgenerator.exporter.html.filters_only_sample_series' not found, using default value 'true' instead.
2026-05-22 14:21:43,856 INFO o.a.j.r.c.ReportGeneratorConfiguration: Property 'jmeter.reportgenerator.exporter.html.series_filter' not found, using default value '' instead.
2026-05-22 14:21:43,856 INFO o.a.j.r.c.ReportGeneratorConfiguration: Property 'jmeter.reportgenerator.exporter.html.show_controllers_only' not found, using default value 'false' instead.
2026-05-22 14:21:43,861 INFO o.a.j.e.StandardJMeterEngine: Running the test!
2026-05-22 14:21:43,862 INFO o.a.j.s.SampleEvent: List of sample_variables: []
2026-05-22 14:21:43,862 INFO o.a.j.s.SampleEvent: List of sample_variables: []
2026-05-22 14:21:43,863 INFO o.a.j.e.u.CompoundVariable: Note: Function class names must contain the string: '.functions.'
2026-05-22 14:21:43,863 INFO o.a.j.e.u.CompoundVariable: Note: Function class names must not contain the string: '.gui.'
2026-05-22 14:21:43,884 INFO o.a.j.r.ClassFinder: Will scan jar /opt/homebrew/Cellar/jmeter/5.6.3/libexec/lib/ext/jmeter-plugins-manager-1.9.jar with filter ExtendsClassFilter [parents=[interface org.apache.jmeter.functions.Function], inner=false, contains=null, notContains=null]. Consider exposing JMeter plugins via META-INF/services, and add JMeter-Skip-Class-Scanning=true manifest attribute so JMeter can skip classfile scanning
2026-05-22 14:21:43,917 INFO o.a.j.r.ClassFinder: Will scan jar /opt/homebrew/Cellar/jmeter/5.6.3/libexec/lib/ext/jmeter-parallel-0.12.jar with filter ExtendsClassFilter [parents=[interface org.apache.jmeter.functions.Function], inner=false, contains=null, notContains=null]. Consider exposing JMeter plugins via META-INF/services, and add JMeter-Skip-Class-Scanning=true manifest attribute so JMeter can skip classfile scanning
2026-05-22 14:21:43,925 INFO o.a.j.JMeter: Running test (1779439903925)
2026-05-22 14:21:43,931 INFO o.a.j.e.StandardJMeterEngine: Starting ThreadGroup: 1 : cokesademo Users
2026-05-22 14:21:43,932 INFO o.a.j.e.StandardJMeterEngine: Starting 1 threads for group cokesademo Users.
2026-05-22 14:21:43,932 INFO o.a.j.e.StandardJMeterEngine: Thread will continue on error
2026-05-22 14:21:43,932 INFO o.a.j.t.ThreadGroup: Starting thread group... number=1 threads=1 ramp-up=10 delayedStart=false
2026-05-22 14:21:43,933 INFO o.a.j.t.ThreadGroup: Started thread group number 1
2026-05-22 14:21:43,933 INFO o.a.j.e.StandardJMeterEngine: All thread groups have been started
2026-05-22 14:21:43,934 INFO o.a.j.t.JMeterThread: Thread started: cokesademo Users 1-1
2026-05-22 14:21:43,940 INFO o.a.j.p.h.s.HTTPHCAbstractImpl: Local host = salescodes-MacBook-Air-96.local
2026-05-22 14:21:43,942 INFO o.a.j.p.h.s.HTTPHC4Impl: HTTP request retry count = 0
2026-05-22 14:21:43,943 INFO o.a.j.s.SampleResult: Note: Sample TimeStamps are START times
2026-05-22 14:21:43,943 INFO o.a.j.s.SampleResult: sampleresult.default.encoding is set to UTF-8
2026-05-22 14:21:43,943 INFO o.a.j.s.SampleResult: sampleresult.useNanoTime=true
2026-05-22 14:21:43,943 INFO o.a.j.s.SampleResult: sampleresult.nanoThreadSleep=5000
2026-05-22 14:21:44,032 INFO o.a.j.p.h.s.h.LazyLayeredConnectionSocketFactory: Setting up HTTPS TrustAll Socket Factory
2026-05-22 14:21:44,035 INFO o.a.j.u.JsseSSLManager: Using default SSL protocol: TLS
2026-05-22 14:21:44,035 INFO o.a.j.u.JsseSSLManager: SSL session context: per-thread
2026-05-22 14:21:44,065 INFO o.a.j.u.SSLManager: JmeterKeyStore Location:  type JKS
2026-05-22 14:21:44,067 INFO o.a.j.u.SSLManager: KeyStore created OK
2026-05-22 14:21:44,067 WARN o.a.j.u.SSLManager: Keystore file not found, loading empty keystore
2026-05-22 14:22:00,029 INFO o.a.j.r.Summariser: summary +    489 in 00:00:16 =   30.4/s Avg:    31 Min:    25 Max:   441 Err:   489 (100.00%) Active: 1 Started: 1 Finished: 0
2026-05-22 14:22:30,002 INFO o.a.j.r.Summariser: summary +    888 in 00:00:30 =   29.6/s Avg:    33 Min:    24 Max:   310 Err:   888 (100.00%) Active: 1 Started: 1 Finished: 0
2026-05-22 14:22:30,005 INFO o.a.j.r.Summariser: summary =   1377 in 00:00:46 =   29.9/s Avg:    32 Min:    24 Max:   441 Err:  1377 (100.00%)
2026-05-22 14:22:44,025 INFO o.a.j.t.JMeterThread: Stopping because end time detected by thread: cokesademo Users 1-1
2026-05-22 14:22:44,027 INFO o.a.j.t.JMeterThread: Thread finished: cokesademo Users 1-1
2026-05-22 14:22:44,037 INFO o.a.j.e.StandardJMeterEngine: Notifying test listeners of end of test
2026-05-22 14:22:44,039 INFO o.a.j.r.Summariser: summary +    378 in 00:00:14 =   26.9/s Avg:    36 Min:    25 Max:   297 Err:   378 (100.00%) Active: 0 Started: 1 Finished: 1
2026-05-22 14:22:44,044 INFO o.a.j.r.Summariser: summary =   1755 in 00:01:00 =   29.2/s Avg:    33 Min:    24 Max:   441 Err:  1755 (100.00%)
2026-05-22 14:22:44,045 INFO o.a.j.JMeter: Generating Dashboard
2026-05-22 14:22:44,045 INFO o.a.j.r.d.ReportGenerator: Flushing result collector before report Generation
2026-05-22 14:22:44,066 INFO o.a.j.r.p.NormalizerSampleConsumer: Using format, 'ms', to parse timeStamp field
2026-05-22 14:22:44,153 INFO o.a.j.r.p.AbstractSampleConsumer: class org.apache.jmeter.report.processor.AggregateConsumer#stopProducing(): beginDate produced 0 samples
2026-05-22 14:22:44,153 INFO o.a.j.r.p.AbstractSampleConsumer: class org.apache.jmeter.report.processor.AggregateConsumer#stopProducing(): endDate produced 0 samples
2026-05-22 14:22:44,154 INFO o.a.j.r.p.AbstractSampleConsumer: class org.apache.jmeter.report.processor.ApdexSummaryConsumer#stopProducing(): apdexSummary produced 0 samples
2026-05-22 14:22:44,154 INFO o.a.j.r.p.AbstractSampleConsumer: class org.apache.jmeter.report.processor.RequestsSummaryConsumer#stopProducing(): requestsSummary produced 0 samples
2026-05-22 14:22:44,156 INFO o.a.j.r.p.AbstractSampleConsumer: class org.apache.jmeter.report.processor.StatisticsSummaryConsumer#stopProducing(): statisticsSummary produced 0 samples
2026-05-22 14:22:44,157 INFO o.a.j.r.p.AbstractSampleConsumer: class org.apache.jmeter.report.processor.Top5ErrorsBySamplerConsumer#stopProducing(): top5ErrorsBySampler produced 0 samples
2026-05-22 14:22:44,157 INFO o.a.j.r.p.AbstractSampleConsumer: class org.apache.jmeter.report.processor.ErrorsSummaryConsumer#stopProducing(): errorsSummary produced 0 samples
2026-05-22 14:22:44,157 INFO o.a.j.r.p.AbstractSampleConsumer: class org.apache.jmeter.report.processor.graph.impl.HitsPerSecondGraphConsumer#stopProducing(): hitsPerSecond produced 0 samples
2026-05-22 14:22:44,182 INFO o.a.j.r.p.AbstractSampleConsumer: class org.apache.jmeter.report.processor.graph.impl.LatencyVSRequestGraphConsumer#stopProducing(): latencyVsRequest produced 0 samples
2026-05-22 14:22:44,182 INFO o.a.j.r.p.AbstractSampleConsumer: class org.apache.jmeter.report.processor.graph.impl.SyntheticResponseTimeDistributionGraphConsumer#stopProducing(): syntheticResponseTimeDistribution produced 0 samples
2026-05-22 14:22:44,182 INFO o.a.j.r.p.AbstractSampleConsumer: class org.apache.jmeter.report.processor.graph.impl.BytesThroughputGraphConsumer#stopProducing(): bytesThroughputOverTime produced 0 samples
2026-05-22 14:22:44,182 INFO o.a.j.r.p.AbstractSampleConsumer: class org.apache.jmeter.report.processor.graph.impl.CodesPerSecondGraphConsumer#stopProducing(): codesPerSecond produced 0 samples
2026-05-22 14:22:44,202 INFO o.a.j.r.p.AbstractSampleConsumer: class org.apache.jmeter.report.processor.graph.impl.ResponseTimeVSRequestGraphConsumer#stopProducing(): responseTimeVsRequest produced 0 samples
2026-05-22 14:22:44,202 INFO o.a.j.r.p.AbstractSampleConsumer: class org.apache.jmeter.report.processor.FilterConsumer#stopProducing(): startIntervalControlerFilter produced 12285 samples
2026-05-22 14:22:44,202 INFO o.a.j.r.p.AbstractSampleConsumer: class org.apache.jmeter.report.processor.graph.impl.TotalTPSGraphConsumer#stopProducing(): totalTPS produced 0 samples
2026-05-22 14:22:44,202 INFO o.a.j.r.p.AbstractSampleConsumer: class org.apache.jmeter.report.processor.graph.impl.ActiveThreadsGraphConsumer#stopProducing(): activeThreadsOverTime produced 0 samples
2026-05-22 14:22:44,202 INFO o.a.j.r.p.AbstractSampleConsumer: class org.apache.jmeter.report.processor.graph.impl.TimeVSThreadGraphConsumer#stopProducing(): timeVsThreads produced 0 samples
2026-05-22 14:22:44,203 INFO o.a.j.r.p.AbstractSampleConsumer: class org.apache.jmeter.report.processor.graph.impl.ResponseTimeDistributionGraphConsumer#stopProducing(): responseTimeDistribution produced 0 samples
2026-05-22 14:22:44,203 INFO o.a.j.r.p.AbstractSampleConsumer: class org.apache.jmeter.report.processor.graph.impl.TransactionsPerSecondGraphConsumer#stopProducing(): transactionsPerSecond produced 0 samples
2026-05-22 14:22:44,203 INFO o.a.j.r.p.AbstractSampleConsumer: class org.apache.jmeter.report.processor.graph.impl.ResponseTimePercentilesGraphConsumer#stopProducing(): responseTimePercentiles produced 0 samples
2026-05-22 14:22:44,203 INFO o.a.j.r.p.AbstractSampleConsumer: class org.apache.jmeter.report.processor.graph.impl.ResponseTimePercentilesOverTimeGraphConsumer#stopProducing(): responseTimePercentilesOverTime produced 0 samples
2026-05-22 14:22:44,203 INFO o.a.j.r.p.AbstractSampleConsumer: class org.apache.jmeter.report.processor.graph.impl.ResponseTimeOverTimeGraphConsumer#stopProducing(): responseTimesOverTime produced 0 samples
2026-05-22 14:22:44,203 INFO o.a.j.r.p.AbstractSampleConsumer: class org.apache.jmeter.report.processor.graph.impl.ConnectTimeOverTimeGraphConsumer#stopProducing(): connectTimeOverTime produced 0 samples
2026-05-22 14:22:44,203 INFO o.a.j.r.p.AbstractSampleConsumer: class org.apache.jmeter.report.processor.graph.impl.LatencyOverTimeGraphConsumer#stopProducing(): latenciesOverTime produced 0 samples
2026-05-22 14:22:44,203 INFO o.a.j.r.p.AbstractSampleConsumer: class org.apache.jmeter.report.processor.FilterConsumer#stopProducing(): nameFilter produced 26325 samples
2026-05-22 14:22:44,203 INFO o.a.j.r.p.AbstractSampleConsumer: class org.apache.jmeter.report.processor.FilterConsumer#stopProducing(): dateRangeFilter produced 5265 samples
2026-05-22 14:22:44,203 INFO o.a.j.r.p.AbstractSampleConsumer: class org.apache.jmeter.report.processor.NormalizerSampleConsumer#stopProducing(): normalizer produced 1755 samples
2026-05-22 14:22:44,203 INFO o.a.j.r.p.CsvFileSampleSource: produce(): 1755 samples produced in 125ms on channel 0
2026-05-22 14:22:44,203 INFO o.a.j.r.d.ReportGenerator: Exporting data using exporter:'json' of className:'org.apache.jmeter.report.dashboard.JsonExporter'
2026-05-22 14:22:44,232 INFO o.a.j.r.d.JsonExporter: Found data for consumer statisticsSummary in context
2026-05-22 14:22:44,232 INFO o.a.j.r.d.JsonExporter: Creating statistics for overall
2026-05-22 14:22:44,232 INFO o.a.j.r.d.JsonExporter: Creating statistics for other transactions
2026-05-22 14:22:44,232 INFO o.a.j.r.d.JsonExporter: Checking output folder
2026-05-22 14:22:44,232 INFO o.a.j.r.d.JsonExporter: Writing statistics JSON to /var/folders/_j/sq264rws7s7gt6xlqz78jr280000gn/T/tmpok14wv99/report/statistics.json
2026-05-22 14:22:44,247 INFO o.a.j.r.d.ReportGenerator: Exporting data using exporter:'html' of className:'org.apache.jmeter.report.dashboard.HtmlTemplateExporter'
2026-05-22 14:22:44,248 INFO o.a.j.r.d.HtmlTemplateExporter: Will generate dashboard in folder: /var/folders/_j/sq264rws7s7gt6xlqz78jr280000gn/T/tmpok14wv99/report
2026-05-22 14:22:44,280 INFO o.a.j.r.d.HtmlTemplateExporter: Report will be generated in: /var/folders/_j/sq264rws7s7gt6xlqz78jr280000gn/T/tmpok14wv99/report, creating folder structure
2026-05-22 14:22:44,281 INFO o.a.j.r.d.TemplateVisitor: Copying folder from '/opt/homebrew/Cellar/jmeter/5.6.3/libexec/bin/report-template' to '/var/folders/_j/sq264rws7s7gt6xlqz78jr280000gn/T/tmpok14wv99/report', got message: /var/folders/_j/sq264rws7s7gt6xlqz78jr280000gn/T/tmpok14wv99/report, found non empty folder with following content [/var/folders/_j/sq264rws7s7gt6xlqz78jr280000gn/T/tmpok14wv99/report/statistics.json], will be ignored
2026-05-22 14:22:44,375 INFO o.a.j.JMeter: Dashboard generated
